[    0.000000] Linux version 4.15.0-213-generic (buildd@lcy02-amd64-079) (gcc version 7.5.0 (Ubuntu 7.5.0-3ubuntu1~18.04)) #224-Ubuntu SMP Mon Jun 19 13:30:12 UTC 2023 (Ubuntu 4.15.0-213.224-generic 4.15.18)
[    0.000000] Command line: BOOT_IMAGE=/boot/vmlinuz-4.15.0-213-generic root=UUID=f685bb41-0e3b-40c4-89c1-eea0f0583525 ro console=tty1 console=ttyS0
[    0.000000] KERNEL supported cpus:
[    0.000000]   Intel GenuineIntel
[    0.000000]   AMD AuthenticAMD
[    0.000000]   Centaur CentaurHauls
[    0.000000] x86/fpu: Supporting XSAVE feature 0x001: 'x87 floating point registers'
[    0.000000] x86/fpu: Supporting XSAVE feature 0x002: 'SSE registers'
[    0.000000] x86/fpu: Supporting XSAVE feature 0x004: 'AVX registers'
[    0.000000] x86/fpu: xstate_offset[2]:  576, xstate_sizes[2]:  256
[    0.000000] x86/fpu: Enabled xstate features 0x7, context size is 832 bytes, using 'standard' format.
[    0.000000] e820: BIOS-provided physical RAM map:
[    0.000000] BIOS-e820: [mem 0x0000000000000000-0x000000000009fbff] usable
[    0.000000] BIOS-e820: [mem 0x000000000009fc00-0x000000000009ffff] reserved
[    0.000000] BIOS-e820: [mem 0x00000000000f0000-0x00000000000fffff] reserved
[    0.000000] BIOS-e820: [mem 0x0000000000100000-0x000000000ffeffff] usable
[    0.000000] BIOS-e820: [mem 0x000000000fff0000-0x000000000fffffff] ACPI data
[    0.000000] BIOS-e820: [mem 0x00000000fec00000-0x00000000fec00fff] reserved
[    0.000000] BIOS-e820: [mem 0x00000000fee00000-0x00000000fee00fff] reserved
[    0.000000] BIOS-e820: [mem 0x00000000fffc0000-0x00000000ffffffff] reserved
[    0.000000] NX (Execute Disable) protection: active
[    0.000000] SMBIOS 2.5 present.
[    0.000000] DMI: innotek GmbH VirtualBox/VirtualBox, BIOS VirtualBox 12/01/2006
[    0.000000] Hypervisor detected: KVM
[    0.000000] e820: last_pfn = 0xfff0 max_arch_pfn = 0x400000000
[    0.000000] MTRR: Disabled
[    0.000000] x86/PAT: MTRRs disabled, skipping PAT initialization too.
[    0.000000] CPU MTRRs all blank - virtualized system.
[    0.000000] x86/PAT: Configuration [0-7]: WB  WT  UC- UC  WB  WT  UC- UC  
[    0.000000] found SMP MP-table at [mem 0x0009fff0-0x0009ffff]
[    0.000000] Scanning 1 areas for low memory corruption
[    0.000000] RAMDISK: [mem 0x0d9f2000-0x0eddcfff]
[    0.000000] ACPI: Early table checksum verification disabled
[    0.000000] ACPI: RSDP 0x00000000000E0000 000024 (v02 VBOX  )
[    0.000000] ACPI: XSDT 0x000000000FFF0030 00003C (v01 VBOX   VBOXXSDT 00000001 ASL  00000061)
[    0.000000] ACPI: FACP 0x000000000FFF00F0 0000F4 (v04 VBOX   VBOXFACP 00000001 ASL  00000061)
[    0.000000] ACPI: DSDT 0x000000000FFF0470 002325 (v02 VBOX   VBOXBIOS 00000002 INTL 20100528)
[    0.000000] ACPI: FACS 0x000000000FFF0200 000040
[    0.000000] ACPI: FACS 0x000000000FFF0200 000040
[    0.000000] ACPI: APIC 0x000000000FFF0240 000054 (v02 VBOX   VBOXAPIC 00000001 ASL  00000061)
[    0.000000] ACPI: SSDT 0x000000000FFF02A0 0001CC (v01 VBOX   VBOXCPUT 00000002 INTL 20100528)
[    0.000000] ACPI: Reserving FACP table memory at [mem 0xfff00f0-0xfff01e3]
[    0.000000] ACPI: Reserving DSDT table memory at [mem 0xfff0470-0xfff2794]
[    0.000000] ACPI: Reserving FACS table memory at [mem 0xfff0200-0xfff023f]
[    0.000000] ACPI: Reserving FACS table memory at [mem 0xfff0200-0xfff023f]
[    0.000000] ACPI: Reserving APIC table memory at [mem 0xfff0240-0xfff0293]
[    0.000000] ACPI: Reserving SSDT table memory at [mem 0xfff02a0-0xfff046b]
[    0.000000] No NUMA configuration found
[    0.000000] Faking a node at [mem 0x0000000000000000-0x000000000ffeffff]
[    0.000000] NODE_DATA(0) allocated [mem 0x0ffc5000-0x0ffeffff]
[    0.000000] kvm-clock: cpu 0, msr 0:ff44001, primary cpu clock
[    0.000000] kvm-clock: Using msrs 4b564d01 and 4b564d00
[    0.000000] kvm-clock: using sched offset of 3885563612 cycles
[    0.000000] clocksource: kvm-clock: mask: 0xffffffffffffffff max_cycles: 0x1cd42e4dffb, max_idle_ns: 881590591483 ns
[    0.000000] Zone ranges:
[    0.000000]   DMA      [mem 0x0000000000001000-0x0000000000ffffff]
[    0.000000]   DMA32    [mem 0x0000000001000000-0x000000000ffeffff]
[    0.000000]   Normal   empty
[    0.000000]   Device   empty
[    0.000000] Movable zone start for each node
[    0.000000] Early memory node ranges
[    0.000000]   node   0: [mem 0x0000000000001000-0x000000000009efff]
[    0.000000]   node   0: [mem 0x0000000000100000-0x000000000ffeffff]
[    0.000000] Reserved but unavailable: 104 pages
[    0.000000] Initmem setup node 0 [mem 0x0000000000001000-0x000000000ffeffff]
[    0.000000] ACPI: PM-Timer IO Port: 0x4008
[    0.000000] IOAPIC[0]: apic_id 1, version 32, address 0xfec00000, GSI 0-23
[    0.000000] ACPI: INT_SRC_OVR (bus 0 bus_irq 0 global_irq 2 dfl dfl)
[    0.000000] ACPI: INT_SRC_OVR (bus 0 bus_irq 9 global_irq 9 low level)
[    0.000000] Using ACPI (MADT) for SMP configuration information
[    0.000000] smpboot: Allowing 1 CPUs, 0 hotplug CPUs
[    0.000000] PM: Registered nosave memory: [mem 0x00000000-0x00000fff]
[    0.000000] PM: Registered nosave memory: [mem 0x0009f000-0x0009ffff]
[    0.000000] PM: Registered nosave memory: [mem 0x000a0000-0x000effff]
[    0.000000] PM: Registered nosave memory: [mem 0x000f0000-0x000fffff]
[    0.000000] e820: [mem 0x10000000-0xfebfffff] available for PCI devices
[    0.000000] Booting paravirtualized kernel on KVM
[    0.000000] clocksource: refined-jiffies: mask: 0xffffffff max_cycles: 0xffffffff, max_idle_ns: 7645519600211568 ns
[    0.000000] setup_percpu: NR_CPUS:8192 nr_cpumask_bits:1 nr_cpu_ids:1 nr_node_ids:1
[    0.000000] percpu: Embedded 50 pages/cpu s167936 r8192 d28672 u2097152
[    0.000000] PV qspinlock hash table entries: 256 (order: 0, 4096 bytes)
[    0.000000] Built 1 zonelists, mobility grouping on.  Total pages: 64377
[    0.000000] Policy zone: DMA32
[    0.000000] Kernel command line: BOOT_IMAGE=/boot/vmlinuz-4.15.0-213-generic root=UUID=f685bb41-0e3b-40c4-89c1-eea0f0583525 ro console=tty1 console=ttyS0
[    0.000000] Memory: 207832K/261688K available (12300K kernel code, 2477K rwdata, 4324K rodata, 2480K init, 2720K bss, 53856K reserved, 0K cma-reserved)
[    0.000000] SLUB: HWalign=64, Order=0-3, MinObjects=0, CPUs=1, Nodes=1
[    0.000000] Kernel/User page tables isolation: enabled
[    0.000000] ftrace: allocating 39508 entries in 155 pages
[    0.004000] Hierarchical RCU implementation.
[    0.004000] 	RCU restricting CPUs from NR_CPUS=8192 to nr_cpu_ids=1.
[    0.004000] 	Tasks RCU enabled.
[    0.004000] RCU: Adjusting geometry for rcu_fanout_leaf=16, nr_cpu_ids=1
[    0.004000] NR_IRQS: 524544, nr_irqs: 256, preallocated irqs: 16
[    0.004000] random: crng init done
[    0.004000] Console: colour VGA+ 80x25
[    0.004000] console [tty1] enabled
[    0.004000] console [ttyS0] enabled
[    0.004000] ACPI: Core revision 20170831
[    0.004000] ACPI: 2 ACPI AML tables successfully acquired and loaded
[    0.004000] APIC: Switch to symmetric I/O mode setup
[    0.004000] x2apic enabled
[    0.004000] Switched APIC routing to physical x2apic.
[    0.004000] ..TIMER: vector=0x30 apic1=0 pin1=2 apic2=-1 pin2=-1
[    0.004004] tsc: Detected 2904.000 MHz processor
[    0.004785] Calibrating delay loop (skipped) preset value.. 5808.00 BogoMIPS (lpj=11616000)
[    0.005712] pid_max: default: 32768 minimum: 301
[    0.008037] Security Framework initialized
[    0.008938] Yama: becoming mindful.
[    0.009752] AppArmor: AppArmor initialized
[    0.012033] Dentry cache hash table entries: 32768 (order: 6, 262144 bytes)
[    0.013367] Inode-cache hash table entries: 16384 (order: 5, 131072 bytes)
[    0.016000] Mount-cache hash table entries: 512 (order: 0, 4096 bytes)
[    0.016007] Mountpoint-cache hash table entries: 512 (order: 0, 4096 bytes)
[    0.017663] process: using mwait in idle threads
[    0.018750] Last level iTLB entries: 4KB 64, 2MB 8, 4MB 8
[    0.020002] Last level dTLB entries: 4KB 64, 2MB 0, 4MB 0, 1GB 4
[    0.021173] Spectre V1 : Mitigation: usercopy/swapgs barriers and __user pointer sanitization
[    0.022816] Spectre V2 : Mitigation: Retpolines
[    0.024002] Spectre V2 : Spectre v2 / SpectreRSB mitigation: Filling RSB on context switch
[    0.025505] Spectre V2 : Spectre v2 / SpectreRSB : Filling RSB on VMEXIT
[    0.027191] RETBleed: WARNING: Spectre v2 mitigation leaves CPU vulnerable to RETBleed attacks, data leaks possible!
[    0.028005] RETBleed: Vulnerable
[    0.028948] Speculative Store Bypass: Vulnerable
[    0.032094] MDS: Mitigation: Clear CPU buffers
[    0.033041] MMIO Stale Data: Mitigation: Clear CPU buffers
[    0.034141] SRBDS: Unknown: Dependent on hypervisor status
[    0.051037] Freeing SMP alternatives memory: 36K
[    0.162414] smpboot: CPU0: Intel(R) Core(TM) i7-7600U CPU @ 2.80GHz (family: 0x6, model: 0x8e, stepping: 0x9)
[    0.164000] Performance Events: unsupported p6 CPU model 142 no PMU driver, software events only.
[    0.164033] Hierarchical SRCU implementation.
[    0.165396] NMI watchdog: Perf event create on CPU 0 failed with -2
[    0.168002] NMI watchdog: Perf NMI watchdog permanently disabled
[    0.169296] smp: Bringing up secondary CPUs ...
[    0.170318] smp: Brought up 1 node, 1 CPU
[    0.171466] smpboot: Max logical packages: 1
[    0.172014] smpboot: Total of 1 processors activated (5808.00 BogoMIPS)
[    0.176198] devtmpfs: initialized
[    0.177247] x86/mm: Memory block size: 128MB
[    0.180155] evm: security.selinux
[    0.180874] evm: security.SMACK64
[    0.184007] evm: security.SMACK64EXEC
[    0.185914] evm: security.SMACK64TRANSMUTE
[    0.186952] evm: security.SMACK64MMAP
[    0.188008] evm: security.apparmor
[    0.189033] evm: security.ima
[    0.190449] evm: security.capability
[    0.192191] clocksource: jiffies: mask: 0xffffffff max_cycles: 0xffffffff, max_idle_ns: 7645041785100000 ns
[    0.196111] futex hash table entries: 256 (order: 2, 16384 bytes)
[    0.200067] pinctrl core: initialized pinctrl subsystem
[    0.201347] RTC time: 10:40:49, date: 02/11/24
[    0.202303] NET: Registered protocol family 16
[    0.204076] audit: initializing netlink subsys (disabled)
[    0.205204] cpuidle: using governor ladder
[    0.206023] cpuidle: using governor menu
[    0.207754] ACPI: bus type PCI registered
[    0.208008] acpiphp: ACPI Hot Plug PCI Controller Driver version: 0.5
[    0.209902] PCI: Using configuration type 1 for base access
[    0.211022] audit: type=2000 audit(1707648054.465:1): state=initialized audit_enabled=0 res=1
[    0.213054] HugeTLB registered 2.00 MiB page size, pre-allocated 0 pages
[    0.214448] ACPI: Added _OSI(Module Device)
[    0.216008] ACPI: Added _OSI(Processor Device)
[    0.216939] ACPI: Added _OSI(3.0 _SCP Extensions)
[    0.217957] ACPI: Added _OSI(Processor Aggregator Device)
[    0.220008] ACPI: Added _OSI(Linux-Dell-Video)
[    0.221356] ACPI: Added _OSI(Linux-Lenovo-NV-HDMI-Audio)
[    0.222983] ACPI: Added _OSI(Linux-HPI-Hybrid-Graphics)
[    0.224317] ACPI: Executed 1 blocks of module-level executable AML code
[    0.231117] ACPI: Interpreter enabled
[    0.231985] ACPI: (supports S0 S5)
[    0.232003] ACPI: Using IOAPIC for interrupt routing
[    0.233399] PCI: Using host bridge windows from ACPI; if necessary, use "pci=nocrs" and report a bug
[    0.236253] ACPI: Enabled 2 GPEs in block 00 to 07
[    0.244700] ACPI: PCI Root Bridge [PCI0] (domain 0000 [bus 00-ff])
[    0.246301] acpi PNP0A03:00: _OSC: OS supports [ASPM ClockPM Segments MSI]
[    0.248330] acpi PNP0A03:00: _OSC: not requesting OS control; OS requires [ExtendedConfig ASPM ClockPM MSI]
[    0.250003] acpi PNP0A03:00: fail to add MMCONFIG information, can't access extended PCI configuration space under this bridge.
[    0.252434] PCI host bridge to bus 0000:00
[    0.253791] pci_bus 0000:00: root bus resource [io  0x0000-0x0cf7 window]
[    0.255056] pci_bus 0000:00: root bus resource [io  0x0d00-0xffff window]
[    0.256017] pci_bus 0000:00: root bus resource [mem 0x000a0000-0x000bffff window]
[    0.258890] pci_bus 0000:00: root bus resource [mem 0x10000000-0xfdffffff window]
[    0.260005] pci_bus 0000:00: root bus resource [bus 00-ff]
[    0.264250] pci 0000:00:01.1: legacy IDE quirk: reg 0x10: [io  0x01f0-0x01f7]
[    0.265652] pci 0000:00:01.1: legacy IDE quirk: reg 0x14: [io  0x03f6]
[    0.266913] pci 0000:00:01.1: legacy IDE quirk: reg 0x18: [io  0x0170-0x0177]
[    0.268002] pci 0000:00:01.1: legacy IDE quirk: reg 0x1c: [io  0x0376]
[    0.279794] pci 0000:00:07.0: quirk: [io  0x4000-0x403f] claimed by PIIX4 ACPI
[    0.280023] pci 0000:00:07.0: quirk: [io  0x4100-0x410f] claimed by PIIX4 SMB
[    0.288448] ACPI: PCI Interrupt Link [LNKA] (IRQs 5 9 10 *11)
[    0.289866] ACPI: PCI Interrupt Link [LNKB] (IRQs 5 9 *10 11)
[    0.291873] ACPI: PCI Interrupt Link [LNKC] (IRQs 5 *9 10 11)
[    0.292160] ACPI: PCI Interrupt Link [LNKD] (IRQs 5 9 10 *11)
[    0.293534] SCSI subsystem initialized
[    0.294416] pci 0000:00:02.0: vgaarb: setting as boot VGA device
[    0.296000] pci 0000:00:02.0: vgaarb: VGA device added: decodes=io+mem,owns=io+mem,locks=none
[    0.296005] pci 0000:00:02.0: vgaarb: bridge control possible
[    0.297107] vgaarb: loaded
[    0.300032] ACPI: bus type USB registered
[    0.300991] usbcore: registered new interface driver usbfs
[    0.302133] usbcore: registered new interface driver hub
[    0.303264] usbcore: registered new device driver usb
[    0.304056] EDAC MC: Ver: 3.0.0
[    0.305029] PCI: Using ACPI for IRQ routing
[    0.306298] NetLabel: Initializing
[    0.308007] NetLabel:  domain hash size = 128
[    0.309225] NetLabel:  protocols = UNLABELED CIPSOv4 CALIPSO
[    0.310360] NetLabel:  unlabeled traffic allowed by default
[    0.312133] clocksource: Switched to clocksource kvm-clock
[    0.327886] VFS: Disk quotas dquot_6.6.0
[    0.328671] VFS: Dquot-cache hash table entries: 512 (order 0, 4096 bytes)
[    0.329950] AppArmor: AppArmor Filesystem Enabled
[    0.330892] pnp: PnP ACPI init
[    0.333374] pnp: PnP ACPI: found 3 devices
[    0.342315] clocksource: acpi_pm: mask: 0xffffff max_cycles: 0xffffff, max_idle_ns: 2085701024 ns
[    0.344671] NET: Registered protocol family 2
[    0.345513] IP idents hash table entries: 4096 (order: 3, 32768 bytes)
[    0.346755] TCP established hash table entries: 2048 (order: 2, 16384 bytes)
[    0.347947] TCP bind hash table entries: 2048 (order: 3, 32768 bytes)
[    0.349022] TCP: Hash tables configured (established 2048 bind 2048)
[    0.350098] UDP hash table entries: 256 (order: 1, 8192 bytes)
[    0.351159] UDP-Lite hash table entries: 256 (order: 1, 8192 bytes)
[    0.352368] NET: Registered protocol family 1
[    0.353185] pci 0000:00:00.0: Limiting direct PCI/PCI transfers
[    0.354281] pci 0000:00:01.0: Activating ISA DMA hang workarounds
[    0.355933] pci 0000:00:02.0: Video device with shadowed ROM at [mem 0x000c0000-0x000dffff]
[    0.358800] Unpacking initramfs...
[    0.695792] Freeing initrd memory: 20396K
[    0.696746] clocksource: tsc: mask: 0xffffffffffffffff max_cycles: 0x29dc05e54fc, max_idle_ns: 440795291716 ns
[    0.698752] platform rtc_cmos: registered platform RTC device (no PNP device found)
[    0.700300] Scanning for low memory corruption every 60 seconds
[    0.701891] Initialise system trusted keyrings
[    0.703067] Key type blacklist registered
[    0.704156] workingset: timestamp_bits=36 max_order=16 bucket_order=0
[    0.706616] zbud: loaded
[    0.708344] squashfs: version 4.0 (2009/01/31) Phillip Lougher
[    0.709763] fuse init (API version 7.26)
[    0.711381] Key type asymmetric registered
[    0.712372] Asymmetric key parser 'x509' registered
[    0.714032] Block layer SCSI generic (bsg) driver version 0.4 loaded (major 246)
[    0.716240] io scheduler noop registered
[    0.717278] io scheduler deadline registered
[    0.718493] io scheduler cfq registered (default)
[    0.720183] ACPI: AC Adapter [AC] (on-line)
[    0.721370] input: Power Button as /devices/LNXSYSTM:00/LNXPWRBN:00/input/input0
[    0.724866] ACPI: Power Button [PWRF]
[    0.726206] input: Sleep Button as /devices/LNXSYSTM:00/LNXSLPBN:00/input/input1
[    0.728381] ACPI: Sleep Button [SLPF]
[    0.734210] ACPI: Battery Slot [BAT0] (battery present)
[    0.735946] Serial: 8250/16550 driver, 32 ports, IRQ sharing enabled
[    0.759779] 00:02: ttyS0 at I/O 0x3f8 (irq = 4, base_baud = 115200) is a 16550A
[    0.763230] Linux agpgart interface v0.103
[    0.765290] loop: module loaded
[    0.767024] scsi host0: ata_piix
[    0.768013] scsi host1: ata_piix
[    0.769084] ata1: PATA max UDMA/33 cmd 0x1f0 ctl 0x3f6 bmdma 0xd000 irq 14
[    0.770941] ata2: PATA max UDMA/33 cmd 0x170 ctl 0x376 bmdma 0xd008 irq 15
[    0.774166] tun: Universal TUN/TAP device driver, 1.6
[    0.775797] PPP generic driver version 2.4.2
[    0.777000] ehci_hcd: USB 2.0 'Enhanced' Host Controller (EHCI) Driver
[    0.779359] ehci-pci: EHCI PCI platform driver
[    0.781075] ehci-platform: EHCI generic platform driver
[    0.782416] ohci_hcd: USB 1.1 'Open' Host Controller (OHCI) Driver
[    0.784248] ohci-pci: OHCI PCI platform driver
[    0.785104] ohci-platform: OHCI generic platform driver
[    0.786024] uhci_hcd: USB Universal Host Controller Interface driver
[    0.787224] i8042: PNP: PS/2 Controller [PNP0303:PS2K,PNP0f03:PS2M] at 0x60,0x64 irq 1,12
[    0.789567] serio: i8042 KBD port at 0x60,0x64 irq 1
[    0.791451] serio: i8042 AUX port at 0x60,0x64 irq 12
[    0.792967] mousedev: PS/2 mouse device common for all mice
[    0.794538] input: AT Translated Set 2 keyboard as /devices/platform/i8042/serio0/input/input2
[    0.797272] rtc_cmos rtc_cmos: rtc core: registered rtc_cmos as rtc0
[    0.799186] rtc_cmos rtc_cmos: alarms up to one day, 114 bytes nvram
[    0.801157] i2c /dev entries driver
[    0.801962] device-mapper: uevent: version 1.0.3
[    0.802874] device-mapper: ioctl: 4.37.0-ioctl (2017-09-20) initialised: dm-devel@redhat.com
[    0.804415] ledtrig-cpu: registered to indicate activity on CPUs
[    0.805696] intel_pmc_core:  initialized
[    0.808461] NET: Registered protocol family 10
[    0.813580] Segment Routing with IPv6
[    0.814384] NET: Registered protocol family 17
[    0.815850] Key type dns_resolver registered
[    0.817211] mce: Using 0 MCE banks
[    0.817936] RAS: Correctable Errors collector initialized.
[    0.819029] sched_clock: Marking stable (817054813, 0)->(1016902462, -199847649)
[    0.821423] registered taskstats version 1
[    0.822211] Loading compiled-in X.509 certificates
[    0.826671] Loaded X.509 cert 'Build time autogenerated kernel key: cdc7189136aaa35407544516090e2034d9c28e14'
[    0.829557] Loaded X.509 cert 'Canonical Ltd. Live Patch Signing: 14df34d1a87cf37625abec039ef2bf521249b969'
[    0.836892] Loaded X.509 cert 'Canonical Ltd. Kernel Module Signing: 88f752e560a1e0737e31163a466ad7b70a850c19'
[    0.843559] blacklist: Loading compiled-in revocation X.509 certificates
[    0.846644] Loaded X.509 cert 'Canonical Ltd. Secure Boot Signing: 61482aa2830d0ab2ad5af10b7250da9033ddcef0'
[    0.850226] Loaded X.509 cert 'Canonical Ltd. Secure Boot Signing (2017): 242ade75ac4a15e50d50c84b0d45ff3eae707a03'
[    0.852701] Loaded X.509 cert 'Canonical Ltd. Secure Boot Signing (ESM 2018): 365188c1d374d6b07c3c8f240f8ef722433d6a8b'
[    0.859057] Loaded X.509 cert 'Canonical Ltd. Secure Boot Signing (2019): c0746fd6c5da3ae827864651ad66ae47fe24b3e8'
[    0.862758] Loaded X.509 cert 'Canonical Ltd. Secure Boot Signing (2021 v1): a8d54bbb3825cfb94fa13c9f8a594a195c107b8d'
[    0.866086] Loaded X.509 cert 'Canonical Ltd. Secure Boot Signing (2021 v2): 4cf046892d6fd3c9a5b03f98d845f90851dc6a8c'
[    0.868982] Loaded X.509 cert 'Canonical Ltd. Secure Boot Signing (2021 v3): 100437bb6de6e469b581e61cd66bce3ef4ed53af'
[    0.871298] Loaded X.509 cert 'Canonical Ltd. Secure Boot Signing (Ubuntu Core 2019): c1d57b8f6b743f23ee41f4f7ee292f06eecadfb9'
[    0.875566] zswap: loaded using pool lzo/zbud
[    0.880522] Key type big_key registered
[    0.881685] Key type trusted registered
[    0.884380] Key type encrypted registered
[    0.885482] AppArmor: AppArmor sha1 policy hashing enabled
[    0.886747] ima: No TPM chip found, activating TPM-bypass! (rc=-19)
[    0.888210] ima: Allocated hash algorithm: sha1
[    0.889787] evm: HMAC attrs: 0x1
[    0.891358]   Magic number: 12:991:678
[    0.892536] rtc_cmos rtc_cmos: setting system clock to 2024-02-11 10:40:49 UTC (1707648049)
[    0.894746] BIOS EDD facility v0.16 2004-Jun-25, 0 devices found
[    0.896518] EDD information not available.
[    0.959730] Freeing unused kernel image memory: 2480K
[    0.968548] Write protecting the kernel read-only data: 20480k
[    0.971066] Freeing unused kernel image memory: 2008K
[    0.972770] Freeing unused kernel image memory: 1820K
[    0.987150] x86/mm: Checked W+X mappings: passed, no W+X pages found.
[    0.988527] x86/mm: Checking user space page tables
[    0.999598] x86/mm: Checked W+X mappings: passed, no W+X pages found.
Loading, please wait...
starting version 237
[    1.110403] e1000: Intel(R) PRO/1000 Network Driver - version 7.3.21-k8-NAPI
[    1.111783] e1000: Copyright (c) 1999-2006 Intel Corporation.
[    1.116495] Fusion MPT base driver 3.04.20
[    1.117639] Copyright (c) 1999-2008 LSI Corporation
[    1.130898] Fusion MPT SPI Host driver 3.04.20
[    1.143930] AVX2 version of gcm_enc/dec engaged.
[    1.144812] AES CTR mode by8 optimization enabled
[    1.154259] mptbase: ioc0: Initiating bringup
[    1.249080] ioc0: LSI53C1030 A0: Capabilities={Initiator}
[    1.325752] input: ImExPS/2 Generic Explorer Mouse as /devices/platform/i8042/serio1/input/input4
[    1.491594] scsi host2: ioc0: LSI53C1030 A0, FwRev=00000000h, Ports=1, MaxQ=256, IRQ=20
[    1.660640] scsi 2:0:0:0: Direct-Access     VBOX     HARDDISK         1.0  PQ: 0 ANSI: 5
[    1.662488] scsi target2:0:0: Beginning Domain Validation
[    1.666944] scsi target2:0:0: Domain Validation skipping write tests
[    1.668068] scsi target2:0:0: Ending Domain Validation
[    1.669070] scsi target2:0:0: asynchronous
[    1.670130] scsi 2:0:1:0: Direct-Access     VBOX     HARDDISK         1.0  PQ: 0 ANSI: 5
[    1.671592] scsi target2:0:1: Beginning Domain Validation
[    1.674636] scsi target2:0:1: Domain Validation skipping write tests
[    1.676378] scsi target2:0:1: Ending Domain Validation
[    1.678102] scsi target2:0:1: asynchronous
[    1.685366] sd 2:0:0:0: [sda] 83886080 512-byte logical blocks: (42.9 GB/40.0 GiB)
[    1.687053] sd 2:0:0:0: Attached scsi generic sg0 type 0
[    1.688561] sd 2:0:0:0: [sda] Write Protect is off
[    1.690713] sd 2:0:0:0: [sda] Incomplete mode parameter data
[    1.691842] sd 2:0:0:0: [sda] Assuming drive cache: write through
[    1.693628] sd 2:0:1:0: [sdb] 20480 512-byte logical blocks: (10.5 MB/10.0 MiB)
[    1.695083] sd 2:0:1:0: [sdb] Write Protect is off
[    1.696206] sd 2:0:1:0: Attached scsi generic sg1 type 0
[    1.697250] sd 2:0:1:0: [sdb] Incomplete mode parameter data
[    1.698421] sd 2:0:1:0: [sdb] Assuming drive cache: write through
[    1.716041]  sda: sda1
[    1.717496] sd 2:0:0:0: [sda] Attached SCSI disk
[    1.724800] sd 2:0:1:0: [sdb] Attached SCSI disk
[    2.118963] e1000 0000:00:03.0 eth0: (PCI:33MHz:32-bit) 02:3b:7b:b7:3b:2d
[    2.120500] e1000 0000:00:03.0 eth0: Intel(R) PRO/1000 Network Connection
[    2.525066] e1000 0000:00:08.0 eth1: (PCI:33MHz:32-bit) 08:00:27:cf:7c:a6
[    2.526419] e1000 0000:00:08.0 eth1: Intel(R) PRO/1000 Network Connection
[    2.528926] e1000 0000:00:08.0 enp0s8: renamed from eth1
[    2.531927] e1000 0000:00:03.0 enp0s3: renamed from eth0
Begin: Loading essential drivers ... [    4.048030] raid6: sse2x1   gen() 12183 MB/s
[    4.096058] raid6: sse2x1   xor()  8758 MB/s
[    4.144068] raid6: sse2x2   gen() 14702 MB/s
[    4.192076] raid6: sse2x2   xor()  9704 MB/s
[    4.240188] raid6: sse2x4   gen() 15932 MB/s
[    4.288037] raid6: sse2x4   xor()  9594 MB/s
[    4.336085] raid6: avx2x1   gen() 18008 MB/s
[    4.384057] raid6: avx2x1   xor() 11250 MB/s
[    4.432146] raid6: avx2x2   gen() 15260 MB/s
[    4.480069] raid6: avx2x2   xor()  9991 MB/s
[    4.528042] raid6: avx2x4   gen() 31963 MB/s
[    4.576030] raid6: avx2x4   xor() 19434 MB/s
[    4.576813] raid6: using algorithm avx2x4 gen() 31963 MB/s
[    4.577744] raid6: .... xor() 19434 MB/s, rmw enabled
[    4.578660] raid6: using avx2x2 recovery algorithm
[    4.581791] xor: automatically using best checksumming function   avx       
[    4.584961] async_tx: api initialized (async)
done.
Begin: Running /scripts/init-premount ... done.
Begin: Mounting root file system ... Begin: Running /scripts/local-top ... done.
Begin: Running /scripts/local-premount ... [    4.643566] Btrfs loaded, crc32c=crc32c-intel
Scanning for Btrfs filesystems
done.
Begin: Will now check root file system ... fsck from util-linux 2.31.1
[/sbin/fsck.ext4 (1) -- /dev/sda1] fsck.ext4 -a -C0 /dev/sda1 
cloudimg-rootfs: recovering journal
cloudimg-rootfs: clean, 99846/5120000 files, 755609/10485499 blocks
done.
[    4.720194] EXT4-fs (sda1): mounted filesystem with ordered data mode. Opts: (null)
done.
Begin: Running /scripts/local-bottom ... done.
Begin: Running /scripts/init-bottom ... done.
[    4.961199] ip_tables: (C) 2000-2006 Netfilter Core Team
[    4.980248] systemd[1]: systemd 237 running in system mode. (+PAM +AUDIT +SELINUX +IMA +APPARMOR +SMACK +SYSVINIT +UTMP +LIBCRYPTSETUP +GCRYPT +GNUTLS +ACL +XZ +LZ4 +SECCOMP +BLKID +ELFUTILS +KMOD -IDN2 +IDN -PCRE2 default-hierarchy=hybrid)
[    4.984222] systemd[1]: Detected virtualization oracle.
[    4.985240] systemd[1]: Detected architecture x86-64.

Welcome to [1mUbuntu 18.04.6 LTS[0m!

[    4.993177] systemd[1]: Set hostname to <wordpress>.
[    5.344222] systemd[1]: Set up automount Arbitrary Executable File Formats File System Automount Point.
[[0;32m  OK  [0m] Set up automount Arbitrary Executab…rmats File System Automount Point.
[    5.347028] systemd[1]: Reached target Mounting snaps.
[[0;32m  OK  [0m] Reached target Mounting snaps.
[    5.348655] systemd[1]: Reached target System Time Synchronized.
[[0;32m  OK  [0m] Reached target System Time Synchronized.
[    5.351037] systemd[1]: Created slice User and Session Slice.
[[0;32m  OK  [0m] Created slice User and Session Slice.
[    5.353634] systemd[1]: Created slice System Slice.
[[0;32m  OK  [0m] Created slice System Slice.
[    5.368760] systemd[1]: Listening on Device-mapper event daemon FIFOs.
[[0;32m  OK  [0m] Listening on Device-mapper event daemon FIFOs.
[[0;32m  OK  [0m] Listening on fsck to fsckd communication Socket.
[[0;32m  OK  [0m] Listening on Network Service Netlink Socket.
[[0;32m  OK  [0m] Listening on udev Control Socket.
[[0;32m  OK  [0m] Listening on LVM2 metadata daemon socket.
[[0;32m  OK  [0m] Listening on /dev/initctl Compatibility Named Pipe.
[[0;32m  OK  [0m] Reached target Slices.
[[0;32m  OK  [0m] Listening on Journal Socket (/dev/log).
[[0;32m  OK  [0m] Listening on Journal Audit Socket.
[[0;32m  OK  [0m] Started Forward Password Requests to Wall Directory Watch.
[[0;32m  OK  [0m] Listening on LVM2 poll daemon socket.
[[0;32m  OK  [0m] Listening on udev Kernel Socket.
[[0;32m  OK  [0m] Listening on Journal Socket.
         Mounting POSIX Message Queue File System...
         Starting udev Coldplug all Devices...
         Starting Monitoring of LVM2 mirrors…ng dmeventd or progress polling...
         Starting Set the console keyboard layout...
         Starting Load Kernel Modules...
         Starting Create list of required st…ce nodes for the current kernel...
         Mounting Kernel Debug File System...
[    5.494608] Loading iSCSI transport class v2.0-870.
[    5.503717] iscsi: registered transport (tcp)
[[0;32m  OK  [0m] Listening on Syslog Socket.
[[0;32m  OK  [0m] Reached target Swap.
[[0;32m  OK  [0m] Reached target Mounted snaps.
         Starting Journal Service...
         Starting Uncomplicated firewall...
         Starting Remount Root and Kernel File Systems...
[[0;32m  OK  [0m] Created slice system-serial\x2dgetty.slice.
[[0;32m  OK  [0m] Reached target User and Group Name Lookups.
         Mounting Huge Pages File System...
[[0;32m  OK  [0m] Mounted POSIX Message Queue File System.
[[0;32m  OK  [0m] Started Create list of required sta…vice nodes for the current kernel.
[[0;32m  OK  [0m] Mounted Kernel Debug File System.
[[0;32m  OK  [0m] Started Uncomplicated firewall.
[[0;32m  OK  [0m] Mounted Huge Pages File System.
[[0;32m  OK  [0m[    5.592483] EXT4-fs (sda1): re-mounted. Opts: (null)
] Started LVM2 metadata daemon.
         Starting Create Static Device Nodes in /dev...
[[0;32m  OK  [0m] Started Remount Root and Kernel File Systems.
         Starting Load/Save Random Seed...
[[0;32m  OK  [0m] Started Create Static Device Nodes in /dev.
         Starting udev Kernel Device Manager...
[[0;32m  OK  [0m] Started Monitoring of LVM2 mirrors,…sing dmeventd or progress polling.
[[0;32m  OK  [0m] Started Journal Service.
         Starting Flush Journal to Persistent Storage...
[[0;32m  OK  [0m] Started Load/Save Random Seed.
[[0;32m  OK  [0m] Started udev Kernel Device Manager.
[    5.772976] iscsi: registered transport (iser)
[[0;32m  OK  [0m] Started Load Kernel Modules.
         Mounting FUSE Control File System...
         Starting Apply Kernel Variables...
         Mounting Kernel Configuration File System...
[[0;32m  OK  [0m] Mounted FUSE Control File System.
[[0;32m  OK  [0m] Mounted Kernel Configuration File System.
[    5.798427] systemd-journald[409]: Received request to flush runtime journal from PID 1
[[0;32m  OK  [0m] Started udev Coldplug all Devices.
[[0;32m  OK  [0m] Started Apply Kernel Variables.
[[0;32m  OK  [0m] Started Flush Journal to Persistent Storage.
[[0;32m  OK  [0m] Started Set the console keyboard layout.
[[0;32m  OK  [0m] Started Dispatch Password Requests to Console Directory Watch.
[[0;32m  OK  [0m] Reached target Local Encrypted Volumes.
[[0;32m  OK  [0m] Reached target Local File Systems (Pre).
[[0;32m  OK  [0m] Reached target Local File Systems.
         Starting AppArmor initialization...
         Starting Set console font and keymap...
         Starting ebtables ruleset management...
         Starting Tell Plymouth To Write Out Runtime Data...
         Starting Create Volatile Files and Directories...
[[0;32m  OK  [0m] Started Set console font and keymap.
[[0;32m  OK  [0m] Started Tell Plymouth To Write Out Runtime Data.
[[0;32m  OK  [0m] Started Create Volatile Files and Directories.
         Starting Update UTMP about System Boot/Shutdown...
[[0;32m  OK  [0m] Started Update UTMP about System Boot/Shutdown.
[[0;32m  OK  [0m] Started ebtables ruleset management.
[[0;32m  OK  [0m] Started AppArmor initialization.
         Starting Load AppArmor profiles managed internally by snapd...
         Starting Initial cloud-init job (pre-networking)...
         Mounting Arbitrary Executable File Formats File System...
[[0;32m  OK  [0m] Mounted Arbitrary Executable File Formats File System.
[[0;32m  OK  [0m] Started Load AppArmor profiles managed internally by snapd.
[[0;32m  OK  [0m] Found device /dev/ttyS0.
[[0;32m  OK  [0m] Listening on Load/Save RF Kill Switch Status /dev/rfkill Watch.
[    8.449647] cloud-init[519]: Cloud-init v. 23.1.2-0ubuntu0~18.04.1 running 'init-local' at Sun, 11 Feb 2024 10:40:56 +0000. Up 8.21 seconds.
[[0;32m  OK  [0m] Started Initial cloud-init job (pre-networking).
[[0;32m  OK  [0m] Reached target Network (Pre).
         Starting Network Service...
[[0;32m  OK  [0m] Started Network Service.
         Starting Network Name Resolution...
         Starting Wait for Network to be Configured...
[[0;32m  OK  [0m] Started Network Name Resolution.
[[0;32m  OK  [0m] Reached target Host and Network Name Lookups.
[[0;32m  OK  [0m] Reached target Network.
[[0;32m  OK  [0m] Started Wait for Network to be Configured.
         Starting Initial cloud-init job (metadata service crawler)...
[   11.341970] cloud-init[665]: Cloud-init v. 23.1.2-0ubuntu0~18.04.1 running 'init' at Sun, 11 Feb 2024 10:40:59 +0000. Up 11.09 seconds.
[   11.343632] cloud-init[665]: ci-info: ++++++++++++++++++++++++++++++++++++++Net device info+++++++++++++++++++++++++++++++++++++++
[   11.344714] cloud-init[665]: ci-info: +--------+------+-----------------------------+---------------+--------+-------------------+
[   11.346186] cloud-init[665]: ci-info: | Device |  Up  |           Address           |      Mask     | Scope  |     Hw-Address    |
[   11.351586] cloud-init[665]: ci-info: +--------+------+-----------------------------+---------------+--------+-------------------+
[   11.353621] cloud-init[665]: ci-info: | enp0s3 | True |          10.0.2.15          | 255.255.255.0 | global | 02:3b:7b:b7:3b:2d |
[   11.358262] cloud-init[665]: ci-info: | enp0s3 | True |  fe80::3b:7bff:feb7:3b2d/64 |       .       |  link  | 02:3b:7b:b7:3b:2d |
[   11.362882] cloud-init[665]: ci-info: | enp0s8 | True |        192.168.100.5        | 255.255.255.0 | global | 08:00:27:cf:7c:a6 |
[   11.376185] cloud-init[665]: ci-info: | enp0s8 | True | fe80::a00:27ff:fecf:7ca6/64 |       .       |  link  | 08:00:27:cf:7c:a6 |
[   11.388196] cloud-init[665]: ci-info: |   lo   | True |          127.0.0.1          |   255.0.0.0   |  host  |         .         |
[   11.400304] cloud-init[665]: ci-info: |   lo   | True |           ::1/128           |       .       |  host  |         .         |
[   11.401521] cloud-init[665]: ci-info: +--------+------+-----------------------------+---------------+--------+-------------------+
[   11.408631] cloud-init[665]: ci-info: +++++++++++++++++++++++++++++Route IPv4 info++++++++++++++++++++++++++++++
[   11.410024] cloud-init[665]: ci-info: +-------+---------------+----------+-----------------+-----------+-------+
[   11.420504] cloud-init[665]: ci-info: | Route |  Destination  | Gateway  |     Genmask     | Interface | Flags |
[   11.432236] cloud-init[665]: ci-info: +-------+---------------+----------+-----------------+-----------+-------+
[   11.444170] cloud-init[665]: ci-info: |   0   |    0.0.0.0    | 10.0.2.2 |     0.0.0.0     |   enp0s3  |   UG  |
[   11.456597] cloud-init[665]: ci-info: |   1   |    10.0.2.0   | 0.0.0.0  |  255.255.255.0  |   enp0s3  |   U   |
[   11.457989] cloud-init[665]: ci-info: |   2   |    10.0.2.2   | 0.0.0.0  | 255.255.255.255 |   enp0s3  |   UH  |
[   11.458895] cloud-init[665]: ci-info: |   3   | 192.168.100.0 | 0.0.0.0  |  255.255.255.0  |   enp0s8  |   U   |
[   11.459880] cloud-init[665]: ci-info: +-------+---------------+----------+-----------------+-----------+-------+
[   11.462866] cloud-init[665]: ci-info: +++++++++++++++++++Route IPv6 info+++++++++++++++++++
[   11.467896] cloud-init[665]: ci-info: +-------+-------------+---------+-----------+-------+
[   11.468636] cloud-init[665]: ci-info: | Route | Destination | Gateway | Interface | Flags |
[   11.480454] cloud-init[665]: ci-info: +-------+-------------+---------+-----------+-------+
[   11.481593] cloud-init[665]: ci-info: |   1   |  fe80::/64  |    ::   |   enp0s8  |   U   |
[   11.482763] cloud-init[665]: ci-info: |   2   |  fe80::/64  |    ::   |   enp0s3  |   U   |
[   11.483576] cloud-init[665]: ci-info: |   4   |    local    |    ::   |   enp0s3  |   U   |
[   11.484609] cloud-init[665]: ci-info: |   5   |    local    |    ::   |   enp0s8  |   U   |
[   11.486974] cloud-init[665]: ci-info: |   6   |   ff00::/8  |    ::   |   enp0s8  |   U   |
[   11.488672] cloud-init[665]: ci-info: |   7   |   ff00::/8  |    ::   |   enp0s3  |   U   |
[   11.490610] cloud-init[665]: ci-info: +-------+-------------+---------+-----------+-------+
[[0;32m  OK  [0m] Started Initial cloud-init job (metadata service crawler).
[[0;32m  OK  [0m] Reached target Network is Online.
[[0;32m  OK  [0m] Reached target Remote File Systems (Pre).
         Starting Availability of block devices...
         Mounting /vagrant...
[[0;32m  OK  [0m] Reached target Cloud-config availability.
[[0;32m  OK  [0m] Reached target System Initialization.
[[0;32m  OK  [0m] Listening on Open-iSCSI iscsid Socket.
[[0;32m  OK  [0m] Listening on D-Bus System Message Bus Socket.
[[0;32m  OK  [0m] Started Discard unused blocks once a week.
[[0;32m  OK  [0m] Listening on cloud-init hotplug hook socket.
[[0;32m  OK  [0m] Started Daily apt download activities.
[[0;32m  OK  [0m] Started Daily apt upgrade and clean activities.
[[0;32m  OK  [0m] Started ACPI Events Check.
[[0;32m  OK  [0m] Reached target Paths.
         Starting LXD - unix socket.
[[0;32m  OK  [0m] Started Ubuntu Advantage Timer for running repeated jobs.
[[0;32m  OK  [0m] Listening on ACPID Listen Socket.
[[0;32m  OK  [0m] Started Message of the Day.
[[0;32m  OK  [0m] Started Daily Cleanup of Temporary Directories.
[[0;32m  OK  [0m] Reached target Timers.
         Starting Socket activation for snappy daemon.
[[0;32m  OK  [0m] Listening on UUID daemon activation socket.
[[0;32m  OK  [0m] Started Availability of block devices.
[[0;32m  OK  [0m] Mounted /vagrant.
[[0;32m  OK  [0m] Listening on LXD - unix socket.
[[0;32m  OK  [0m] Listening on Socket activation for snappy daemon.
[[0;32m  OK  [0m] Reached target Sockets.
[[0;32m  OK  [0m] Reached target Basic System.
         Starting Login Service...
[[0;32m  OK  [0m] Started Deferred execution scheduler.
[[0;32m  OK  [0m] Started irqbalance daemon.
[[0;32m  OK  [0m] Started FUSE filesystem for LXC.
         Starting LXD - container startup/shutdown...
[[0;32m  OK  [0m] Reached target Login Prompts (Pre).
         Starting LSB: Record successful boot for GRUB...
[[0;32m  OK  [0m] Started Regular background program processing daemon.
[[0;32m  OK  [0m] Started D-Bus System Message Bus.
[[0;32m  OK  [0m] Started Login Service.
[[0;32m  OK  [0m] Started Unattended Upgrades Shutdown.
         Starting OpenBSD Secure Shell server...
         Starting System Logging Service...
         Starting Snap Daemon...
         Starting Virtualbox guest utils...
         Starting Dispatcher daemon for systemd-networkd...
         Starting Accounts Service...
[[0;32m  OK  [0m] Reached target Remote File Systems.
         Starting LSB: automatic crash report generation...
         Starting Permit User Sessions...
         Starting The Apache HTTP Server...
[[0;32m  OK  [0m] Started System Logging Service.
[[0;32m  OK  [0m] Started LXD - container startup/shutdown.
[[0;32m  OK  [0m] Started Permit User Sessions.
         Starting Hold until boot process finishes up...
         Starting Terminate Plymouth Boot Screen...
[[0;32m  OK  [0m] Started Hold until boot process finishes up.
[[0;32m  OK  [0m] Started Serial Getty on ttyS0.
         Starting Set console scheme...
[[0;32m  OK  [0m] Started Terminate Plymouth Boot Screen.
[[0;32m  OK  [0m] Started Set console scheme.
[[0;32m  OK  [0m] Created slice system-getty.slice.
[[0;32m  OK  [0m] Started Getty on tty1.
[[0;32m  OK  [0m] Reached target Login Prompts.
[[0;32m  OK  [0m] Started OpenBSD Secure Shell server.
[[0;32m  OK  [0m] Started LSB: automatic crash report generation.
[[0;32m  OK  [0m] Started LSB: Record successful boot for GRUB.
         Starting Authorization Manager...
[[0;32m  OK  [0m] Started Virtualbox guest utils.
[[0;32m  OK  [0m] Started Authorization Manager.
[[0;32m  OK  [0m] Started Accounts Service.
[[0;32m  OK  [0m] Started The Apache HTTP Server.
[[0;32m  OK  [0m] Created slice User Slice of vagrant.
         Starting User Manager for UID 1000...
[[0;32m  OK  [0m] Started Session 1 of user vagrant.
[[0;32m  OK  [0m] Started User Manager for UID 1000.
[[0;32m  OK  [0m] Started Dispatcher daemon for systemd-networkd.
[[0;32m  OK  [0m] Started Snap Daemon.
         Starting Time & Date Service...
         Starting Wait until snapd is fully seeded...
[[0;32m  OK  [0m] Started Time & Date Service.
[[0;32m  OK  [0m] Started Wait until snapd is fully seeded.
         Starting Apply the settings specified in cloud-config...
[   16.154521] cloud-init[1056]: Cloud-init v. 23.1.2-0ubuntu0~18.04.1 running 'modules:config' at Sun, 11 Feb 2024 10:41:04 +0000. Up 15.89 seconds.
[[0;32m  OK  [0m] Started Apply the settings specified in cloud-config.
[[0;32m  OK  [0m] Reached target Multi-User System.
         Starting Execute cloud user/final scripts...
[[0;32m  OK  [0m] Reached target Graphical Interface.
         Starting Update UTMP about System Runlevel Changes...
[[0;32m  OK  [0m] Started Update UTMP about System Runlevel Changes.
[   18.144657] cloud-init[1176]: Cloud-init v. 23.1.2-0ubuntu0~18.04.1 running 'modules:final' at Sun, 11 Feb 2024 10:41:06 +0000. Up 17.77 seconds.
[   18.148262] cloud-init[1176]: Cloud-init v. 23.1.2-0ubuntu0~18.04.1 finished at Sun, 11 Feb 2024 10:41:06 +0000. Datasource DataSourceNoCloud [seed=/dev/sdb][dsmode=net].  Up 18.12 seconds

Ubuntu 18.04.6 LTS wordpress ttyS0

wordpress login:                                                                                                                                                                                                                                                                                                                                                                                                                                                                                                                                                                                                                                                                                                                                                                                                                                                                                                                                                                                                                                                                                                                                                                                                                                                                                                                                                                                                                               [[0;32m  OK  [0m] Stopped Unattended Upgrades Shutdown.
         Unmounting RPC Pipe File System...
         Stopping Availability of block devices...
         Stopping User Manager for UID 1000...
[[0;32m  OK  [0m] Stopped target Graphical Interface.
         Stopping Accounts Service...
         Stopping Session 8 of user vagrant.
[[0;32m  OK  [0m] Stopped target Timers.
[[0;32m  OK  [0m] Stopped Daily apt upgrade and clean activities.
[[0;32m  OK  [0m] Stopped Discard unused blocks once a week.
[[0;32m  OK  [0m] Stopped Message of the Day.
[[0;32m  OK  [0m] Stopped Daily Cleanup of Temporary Directories.
[[0;32m  OK  [0m] Stopped Clean PHP session files every 30 mins.
[[0;32m  OK  [0m] Stopped Ubuntu Advantage Timer for running repeated jobs.
         Stopping Authorization Manager...
[[0;32m  OK  [0m] Closed Load/Save RF Kill Switch Status /dev/rfkill Watch.
[[0;32m  OK  [0m] Stopped target Cloud-init target.
[[0;32m  OK  [0m] Stopped Execute cloud user/final scripts.
[[0;32m  OK  [0m] Stopped target Multi-User System.
         Stopping A high performance web server and a reverse proxy server...
         Stopping Regular background program processing daemon...
         Stopping OpenBSD Secure Shell server...
         Stopping LSB: Record successful boot for GRUB...
         Stopping D-Bus System Message Bus...
         Stopping LSB: automatic crash report generation...
         Stopping System Logging Service...
         Stopping Deferred execution scheduler...
[[0;32m  OK  [0m] Stopped target Login Prompts.
         Stopping Getty on tty1...
         Stopping Serial Getty on ttyS0...
         Stopping The PHP 7.2 FastCGI Process Manager...
         Stopping Dispatcher daemon for systemd-networkd...
         Stopping LXD - container startup/shutdown...
         Stopping FUSE filesystem for LXC...
[[0;32m  OK  [0m] Stopped Apply the settings specified in cloud-config.
[[0;32m  OK  [0m] Stopped target Cloud-config availability.
[[0;32m  OK  [0m] Stopped Wait until snapd is fully seeded.
[[0;32m  OK  [0m] Stopped target RPC Port Mapper.
[[0;32m  OK  [0m] Stopped Daily apt download activities.
[[0;32m  OK  [0m] Stopped target System Time Synchronized.
[[0;32m  OK  [0m] Stopped target Host and Network Name Lookups.
         Stopping Virtualbox guest utils...
[[0;32m  OK  [0m] Unmounted /var/lib/lxcfs.
[[0;32m  OK  [0m] Stopped Deferred execution scheduler.
[[0;32m  OK  [0m] Stopped Dispatcher daemon for systemd-networkd.
[[0;32m  OK  [0m] Stopped Regular background program processing daemon.
[[0;32m  OK  [0m] Stopped Accounts Service.
[[0;32m  OK  [0m] Stopped System Logging Service.
[[0;32m  OK  [0m] Stopped OpenBSD Secure Shell server.
[[0;32m  OK  [0m] Stopped Serial Getty on ttyS0.
[[0;32m  OK  [0m] Stopped Getty on tty1.
[[0;32m  OK  [0m] Stopped Authorization Manager.
[[0;32m  OK  [0m] Stopped User Manager for UID 1000.
[[0;32m  OK  [0m] Unmounted RPC Pipe File System.
[[0;32m  OK  [0m] Stopped A high performance web server and a reverse proxy server.
[[0;32m  OK  [0m] Stopped D-Bus System Message Bus.
[[0;32m  OK  [0m] Stopped FUSE filesystem for LXC.
[[0;32m  OK  [0m] Stopped Session 8 of user vagrant.
[[0;32m  OK  [0m] Removed slice User Slice of vagrant.
         Stopping Login Service...
[[0;32m  OK  [0m] Removed slice system-getty.slice.
[[0;32m  OK  [0m] Removed slice system-serial\x2dgetty.slice.
[[0;32m  OK  [0m] Stopped target Login Prompts (Pre).
         Stopping Permit User Sessions...
[[0;32m  OK  [0m] Stopped The PHP 7.2 FastCGI Process Manager.
[[0;32m  OK  [0m] Stopped Login Service.
[[0;32m  OK  [0m] Stopped Availability of block devices.
[[0;32m  OK  [0m] Stopped LXD - container startup/shutdown.
[[0;32m  OK  [0m] Stopped LSB: Record successful boot for GRUB.
[[0;32m  OK  [0m] Stopped Permit User Sessions.
[[0;32m  OK  [0m] Stopped target User and Group Name Lookups.
[[0;32m  OK  [0m] Stopped LSB: automatic crash report generation.
[[0;32m  OK  [0m] Stopped target Remote File Systems.
         Unmounting /vagrant...
         Unmounting /opt/wordpress...
[[0;32m  OK  [0m] Unmounted /vagrant.
[[0;32m  OK  [0m] Stopped Virtualbox guest utils.
[[0;32m  OK  [0m] Stopped target Basic System.
[[0;32m  OK  [0m] Stopped target Slices.
[[0;32m  OK  [0m] Removed slice User and Session Slice.
[[0;32m  OK  [0m] Stopped target Paths.
[[0;32m  OK  [0m] Stopped ACPI Events Check.
[[0;32m  OK  [0m] Stopped target Sockets.
[[0;32m  OK  [0m] Closed ACPID Listen Socket.
[[0;32m  OK  [0m] Closed UUID daemon activation socket.
[[0;32m  OK  [0m] Closed Syslog Socket.
[[0;32m  OK  [0m] Closed D-Bus System Message Bus Socket.
[[0;32m  OK  [0m] Closed cloud-init hotplug hook socket.
[[0;32m  OK  [0m] Closed LXD - unix socket.
[[0;32m  OK  [0m] Closed Socket activation for snappy daemon.
[[0;32m  OK  [0m] Closed Open-iSCSI iscsid Socket.
[[0;32m  OK  [0m] Stopped target System Initialization.
         Stopping Load/Save Random Seed...
[[0;32m  OK  [0m] Stopped target Local Encrypted Volumes.
[[0;32m  OK  [0m] Stopped Forward Password Requests to Wall Directory Watch.
[[0;32m  OK  [0m] Stopped Dispatch Password Requests to Console Directory Watch.
         Stopping Update UTMP about System Boot/Shutdown...
[[0;32m  OK  [0m] Unmounted /opt/wordpress.
[[0;32m  OK  [0m] Stopped Load/Save Random Seed.
[[0;32m  OK  [0m] Stopped target Remote File Systems (Pre).
[[0;32m  OK  [0m] Stopped target NFS client services.
[[0;32m  OK  [0m] Stopped target Network is Online.
[[0;32m  OK  [0m] Stopped target Network.
         Stopping Network Name Resolution...
[[0;32m  OK  [0m] Stopped Initial cloud-init job (metadata service crawler).
[[0;32m  OK  [0m] Stopped Network Name Resolution.
[[0;32m  OK  [0m] Stopped Update UTMP about System Boot/Shutdown.
[[0;32m  OK  [0m] Stopped Create Volatile Files and Directories.
[[0;32m  OK  [0m] Stopped target Local File Systems.
[[0;32m  OK  [0m] Stopped target Mounted snaps.
[[0;32m  OK  [0m] Stopped target Mounting snaps.
         Unmounting /run/user/1000...
         Stopping Network Service...
[[0;32m  OK  [0m] Unmounted /run/user/1000.
[[0;32m  OK  [0m] Stopped Network Service.
[[0;32m  OK  [0m] Stopped target Network (Pre).
[[0;32m  OK  [0m] Stopped Initial cloud-init job (pre-networking).
[[0;32m  OK  [0m] Stopped Apply Kernel Variables.
[[0;32m  OK  [0m] Stopped Load Kernel Modules.
[[0;32m  OK  [0m] Reached target Unmount All Filesystems.
[[0;32m  OK  [0m] Stopped target Local File Systems (Pre).
[[0;32m  OK  [0m] Stopped Create Static Device Nodes in /dev.
[[0;32m  OK  [0m] Stopped Remount Root and Kernel File Systems.
         Stopping Monitoring of LVM2 mirrors…ng dmeventd or progress polling...
[[0;32m  OK  [0m] Stopped target Swap.
[[0;32m  OK  [0m] Reached target Shutdown.
[[0;32m  OK  [0m] Reached target Final Step.
         Starting Power-Off...
[ 3898.948780] reboot: Power down
